Started GET "/" for 127.0.0.1 at 2017-11-27 15:40:12 +0100
Processing by Rails::WelcomeController#index as HTML
  Rendering /usr/local/opt/rbenv/versions/2.3.3/lib/ruby/gems/2.3.0/gems/railties-5.1.2/lib/rails/templates/rails/welcome/index.html.erb
  Rendered /usr/local/opt/rbenv/versions/2.3.3/lib/ruby/gems/2.3.0/gems/railties-5.1.2/lib/rails/templates/rails/welcome/index.html.erb (7.8ms)
Completed 200 OK in 432ms (Views: 45.4ms)


Started GET "/" for 127.0.0.1 at 2017-11-27 15:57:25 +0100
Processing by ApplicationController#hello as HTML
  Rendering html template
  Rendered html template (0.1ms)
Completed 200 OK in 25ms (Views: 24.1ms)


Started GET "/" for 127.0.0.1 at 2017-11-27 16:00:06 +0100
Processing by ApplicationController#hello as HTML
  Rendering html template
  Rendered html template (0.0ms)
Completed 200 OK in 1ms (Views: 0.9ms)


Started GET "/" for 127.0.0.1 at 2017-11-27 16:01:08 +0100
Processing by ApplicationController#goodbye as HTML
  Rendering html template
  Rendered html template (0.0ms)
Completed 200 OK in 1ms (Views: 0.8ms)


